[root@odroid oeb]# ./bbf-rsyncpull 2>&1 1>log.txt
rsync: mkdir "/git/fbsdsinki-jails/node-bbfnode/." failed: No such file or directory (2)
rsync error: error in file IO (code 11) at main.c(664) [Receiver=3.1.3]
rsync: change_dir "/git" failed: No such file or directory (2)
rsync error: some files/attrs were not transferred (see previous errors) (code 23) at main.c(1659) [Receiver=3.1.3]
rsync: [Receiver] write error: Broken pipe (32)
rsync: link_stat "/git" failed: No such file or directory (2)
rsync error: some files/attrs were not transferred (see previous errors) (code 23) at main.c(1659) [Receiver=3.1.3]
rsync: [Receiver] write error: Broken pipe (32)
[root@odroid oeb]# less log.txt

    rsynccmd = [/usr/bin/rsync -e 'ssh -p 13523']
rsyncing joetoep misc stuff to this machine..
Keep the git-repoes on remote updated to get its updates with this prog!
@@TODO/@@IDEA: a simple git pull local prog can make joetoeps stuff browsable
eval [/usr/bin/rsync -e 'ssh -p 13523' -av root@joetoep.com:/git  /git/NIETVERTROUWD-vpsmig/.]
receiving incremental file list

sent 649 bytes  received 302,655 bytes  202,202.67 bytes/sec
total size is 56,931,538  speedup is 187.70
eval [/usr/bin/rsync -e 'ssh -p 13523' -av root@fbsdsinki.diffcity.com:/usr/jail/node/usr/home/git/bbfnode.git  /git/fbsdsinki-jails/node-bbfnode/.]
receiving incremental file list
eval [/usr/bin/rsync -e 'ssh -p 13523' -av root@fbsdsinki.diffcity.com:/git/fbsdsinki-usrlocaletc  /git/bbfpulls/.]
receiving incremental file list

sent 8 bytes  received 76 bytes  56.00 bytes/sec
total size is 0  speedup is 0.00
eval [/usr/bin/rsync -e 'ssh -p 13523' -av root@fbsdsinki:/git  /git/fbsdsinki-etc/]
receiving incremental file list

sent 8 bytes  received 73 bytes  54.00 bytes/sec
total size is 0  speedup is 0.00
eval [/usr/bin/rsync -e 'ssh -p 13523' -av root@joetoep.com:/usr/local/bin/mig/    /replicant/user/migbin/joetoepTGT/.]
receiving incremental file list
./

sent 27 bytes  received 43 bytes  140.00 bytes/sec
total size is 0  speedup is 0.00
eval [/usr/bin/rsync -e 'ssh -p 13523' -av root@joetoep.com:/etc/EXPORT/safekeep/dct-ideas-erbij.txt     /replicant/user/migbin/joetoepTGT/.]
receiving incremental file list

sent 20 bytes  received 58 bytes  52.00 bytes/sec
total size is 48,954  speedup is 627.62
eval [/usr/bin/rsync -e 'ssh -p 13523' -av root@joetoep.com:/etc/iptables.conf   /replicant/user/migbin/joetoepTGT/joetoep.etc.iptables.conf]
receiving incremental file list

sent 20 bytes  received 52 bytes  48.00 bytes/sec
total size is 8,356  speedup is 116.06
finished. Putting ack into /root/bbf-rsyncpull.ackrunlog..
bbf-rsyncpull: ?future: add error report if present
